<?xml version="1.0" encoding="utf-8"?><testsuites><testsuite errors="0" failures="0" hostname="LAPTOP-S6QJCES5" name="pytest" skipped="0" tests="8" time="122.380" timestamp="2020-08-11T09:27:09.589311"><testcase classname="test_case.report.test_1_report" file="test_case\report\test_1_report.py" line="8" name="test_init" time="49.273"></testcase><testcase classname="test_case.report.test_1_report" file="test_case\report\test_1_report.py" line="18" name="test_01" time="1.076"></testcase><testcase classname="test_case.report.test_1_report" file="test_case\report\test_1_report.py" line="32" name="test_02" time="6.753"></testcase><testcase classname="test_case.report.test_1_report" file="test_case\report\test_1_report.py" line="62" name="test_03" time="19.313"></testcase><testcase classname="test_case.report.test_1_report" file="test_case\report\test_1_report.py" line="91" name="test_04" time="12.737"></testcase><testcase classname="test_case.report.test_1_report" file="test_case\report\test_1_report.py" line="119" name="test_05" time="12.456"></testcase><testcase classname="test_case.report.test_1_report" file="test_case\report\test_1_report.py" line="143" name="test_06" time="5.572"></testcase><testcase classname="test_case.report.test_1_report" file="test_case\report\test_1_report.py" line="163" name="test_07" time="15.011"></testcase></testsuite></testsuites>