<?xml version="1.0" encoding="utf-8"?><testsuites><testsuite errors="0" failures="0" hostname="LAPTOP-S6QJCES5" name="pytest" skipped="0" tests="8" time="91.749" timestamp="2020-08-10T09:12:33.250192"><testcase classname="test_case.report.test_1_report" file="test_case\report\test_1_report.py" line="8" name="test_init" time="29.337"></testcase><testcase classname="test_case.report.test_1_report" file="test_case\report\test_1_report.py" line="18" name="test_01" time="0.996"></testcase><testcase classname="test_case.report.test_1_report" file="test_case\report\test_1_report.py" line="32" name="test_02" time="6.178"></testcase><testcase classname="test_case.report.test_1_report" file="test_case\report\test_1_report.py" line="61" name="test_03" time="18.290"></testcase><testcase classname="test_case.report.test_1_report" file="test_case\report\test_1_report.py" line="89" name="test_04" time="6.086"></testcase><testcase classname="test_case.report.test_1_report" file="test_case\report\test_1_report.py" line="116" name="test_05" time="11.362"></testcase><testcase classname="test_case.report.test_1_report" file="test_case\report\test_1_report.py" line="139" name="test_06" time="5.103"></testcase><testcase classname="test_case.report.test_1_report" file="test_case\report\test_1_report.py" line="158" name="test_07" time="14.294"></testcase></testsuite></testsuites>